<?xml version="1.0" encoding="UTF-8"?>
<!-- Generated by org.testng.reporters.JUnitReportReporter -->
<testsuite skipped="0" hostname="DEL" name="testNG_Programs.Annotations3" tests="3" failures="0" timestamp="04 Jun 2019 15:10:51 GMT" time="0.016" errors="0">
  <testcase name="bin" time="0.000" classname="testNG_Programs.Annotations3"/>
  <testcase name="composeMail" time="0.000" classname="testNG_Programs.Annotations3"/>
  <testcase name="drafts" time="0.016" classname="testNG_Programs.Annotations3"/>
</testsuite> <!-- testNG_Programs.Annotations3 -->
