<?xml version="1.0" encoding="UTF-8"?>
<!-- Generated by org.testng.reporters.JUnitReportReporter -->
<testsuite skipped="0" hostname="DEL" name="testNG_Programs.Annotations_A" tests="4" failures="0" timestamp="04 Jun 2019 11:52:39 GMT" time="0.031" errors="0">
  <testcase name="faceboooklogin" time="0.015" classname="testNG_Programs.Annotations_A"/>
  <testcase name="facebooklogout" time="0.000" classname="testNG_Programs.Annotations_A"/>
  <testcase name="facebokchat" time="0.000" classname="testNG_Programs.Annotations_A"/>
  <testcase name="facebooknotifications" time="0.016" classname="testNG_Programs.Annotations_A"/>
</testsuite> <!-- testNG_Programs.Annotations_A -->
