<?xml version="1.0" encoding="UTF-8"?>
<!-- Generated by org.testng.reporters.JUnitReportReporter -->
<testsuite skipped="0" hostname="DEL" name="testNG_Programs.NewTours_LogIn" tests="1" failures="0" timestamp="08 Jun 2019 08:21:59 GMT" time="35.085" errors="0">
  <testcase name="logIn" time="35.085" classname="testNG_Programs.NewTours_LogIn"/>
</testsuite> <!-- testNG_Programs.NewTours_LogIn -->
