<?xml version="1.0" encoding="UTF-8"?>
<!-- Generated by org.testng.reporters.JUnitReportReporter -->
<testsuite skipped="2" hostname="DEL" name="testNG_Programs.NewTours_UserLogin" tests="3" failures="0" timestamp="08 Jun 2019 07:18:31 GMT" time="15.879" errors="1">
  <testcase name="setUp" time="15.879" classname="testNG_Programs.NewTours_UserLogin">
    <error type="org.openqa.selenium.WebDriverException" message="java.net.SocketTimeoutException: timeout
Build info: version: &#039;3.9.0&#039;, revision: &#039;698b3178f0&#039;, time: &#039;2018-02-05T14:56:13.134Z&#039;
System info: host: &#039;DEL&#039;, ip: &#039;192.168.43.201&#039;, os.name: &#039;Windows 8.1&#039;, os.arch: &#039;amd64&#039;, os.version: &#039;6.3&#039;, java.version: &#039;1.8.0_201&#039;
Driver info: driver.version: RemoteWebDriver">
      <![CDATA[org.openqa.selenium.WebDriverException: java.net.SocketTimeoutException: timeout
Build info: version: '3.9.0', revision: '698b3178f0', time: '2018-02-05T14:56:13.134Z'
System info: host: 'DEL', ip: '192.168.43.201', os.name: 'Windows 8.1', os.arch: 'amd64', os.version: '6.3', java.version: '1.8.0_201'
Driver info: driver.version: RemoteWebDriver
at org.openqa.selenium.remote.service.DriverCommandExecutor.execute(DriverCommandExecutor.java:92)
at org.openqa.selenium.remote.RemoteWebDriver.execute(RemoteWebDriver.java:601)
at org.openqa.selenium.remote.RemoteWebDriver.get(RemoteWebDriver.java:325)
at testNG_Programs.TestBase.setUp(TestBase.java:26)
at sun.reflect.NativeMethodAccessorImpl.invoke0(Native Method)
at sun.reflect.NativeMethodAccessorImpl.invoke(NativeMethodAccessorImpl.java:62)
at sun.reflect.DelegatingMethodAccessorImpl.invoke(DelegatingMethodAccessorImpl.java:43)
at java.lang.reflect.Method.invoke(Method.java:498)
at org.testng.internal.MethodInvocationHelper.invokeMethod(MethodInvocationHelper.java:124)
at org.testng.internal.MethodInvocationHelper.invokeMethodConsideringTimeout(MethodInvocationHelper.java:59)
at org.testng.internal.Invoker.invokeConfigurationMethod(Invoker.java:458)
at org.testng.internal.Invoker.invokeConfigurations(Invoker.java:222)
at org.testng.internal.Invoker.invokeConfigurations(Invoker.java:142)
at org.testng.TestRunner.beforeRun(TestRunner.java:529)
at org.testng.TestRunner.run(TestRunner.java:497)
at org.testng.SuiteRunner.runTest(SuiteRunner.java:455)
at org.testng.SuiteRunner.runSequentially(SuiteRunner.java:450)
at org.testng.SuiteRunner.privateRun(SuiteRunner.java:415)
at org.testng.SuiteRunner.run(SuiteRunner.java:364)
at org.testng.SuiteRunnerWorker.runSuite(SuiteRunnerWorker.java:52)
at org.testng.SuiteRunnerWorker.run(SuiteRunnerWorker.java:84)
at org.testng.TestNG.runSuitesSequentially(TestNG.java:1208)
at org.testng.TestNG.runSuitesLocally(TestNG.java:1137)
at org.testng.TestNG.runSuites(TestNG.java:1049)
at org.testng.TestNG.run(TestNG.java:1017)
at org.testng.remote.AbstractRemoteTestNG.run(AbstractRemoteTestNG.java:115)
at org.testng.remote.RemoteTestNG.initAndRun(RemoteTestNG.java:251)
at org.testng.remote.RemoteTestNG.main(RemoteTestNG.java:77)
Caused by: java.net.SocketTimeoutException: timeout
at okio.Okio$4.newTimeoutException(Okio.java:230)
at okio.AsyncTimeout.exit(AsyncTimeout.java:285)
at okio.AsyncTimeout$2.read(AsyncTimeout.java:241)
at okio.RealBufferedSource.indexOf(RealBufferedSource.java:345)
at okio.RealBufferedSource.readUtf8LineStrict(RealBufferedSource.java:217)
at okhttp3.internal.http1.Http1Codec.readHeaderLine(Http1Codec.java:212)
at okhttp3.internal.http1.Http1Codec.readResponseHeaders(Http1Codec.java:189)
at okhttp3.internal.http.CallServerInterceptor.intercept(CallServerInterceptor.java:88)
at okhttp3.internal.http.RealInterceptorChain.proceed(RealInterceptorChain.java:147)
at okhttp3.internal.connection.ConnectInterceptor.intercept(ConnectInterceptor.java:45)
at okhttp3.internal.http.RealInterceptorChain.proceed(RealInterceptorChain.java:147)
at okhttp3.internal.http.RealInterceptorChain.proceed(RealInterceptorChain.java:121)
at okhttp3.internal.cache.CacheInterceptor.intercept(CacheInterceptor.java:93)
at okhttp3.internal.http.RealInterceptorChain.proceed(RealInterceptorChain.java:147)
at okhttp3.internal.http.RealInterceptorChain.proceed(RealInterceptorChain.java:121)
at okhttp3.internal.http.BridgeInterceptor.intercept(BridgeInterceptor.java:93)
at okhttp3.internal.http.RealInterceptorChain.proceed(RealInterceptorChain.java:147)
at okhttp3.internal.http.RetryAndFollowUpInterceptor.intercept(RetryAndFollowUpInterceptor.java:125)
at okhttp3.internal.http.RealInterceptorChain.proceed(RealInterceptorChain.java:147)
at okhttp3.internal.http.RealInterceptorChain.proceed(RealInterceptorChain.java:121)
at okhttp3.RealCall.getResponseWithInterceptorChain(RealCall.java:200)
at okhttp3.RealCall.execute(RealCall.java:77)
at org.openqa.selenium.remote.internal.OkHttpClient.execute(OkHttpClient.java:97)
at org.openqa.selenium.remote.internal.OkHttpClient.execute(OkHttpClient.java:47)
at org.openqa.selenium.remote.HttpCommandExecutor.execute(HttpCommandExecutor.java:157)
at org.openqa.selenium.remote.service.DriverCommandExecutor.execute(DriverCommandExecutor.java:83)
... 27 more
Caused by: java.net.SocketTimeoutException: Read timed out
at java.net.SocketInputStream.socketRead0(Native Method)
at java.net.SocketInputStream.socketRead(SocketInputStream.java:116)
at java.net.SocketInputStream.read(SocketInputStream.java:171)
at java.net.SocketInputStream.read(SocketInputStream.java:141)
at okio.Okio$2.read(Okio.java:139)
at okio.AsyncTimeout$2.read(AsyncTimeout.java:237)
... 50 more
]]>
    </error>
  </testcase> <!-- setUp -->
  <testcase name="register" time="0.000" classname="testNG_Programs.NewTours_UserLogin">
    <skipped/>
  </testcase> <!-- register -->
  <testcase name="userRegistrationpage" time="0.000" classname="testNG_Programs.NewTours_UserLogin">
    <skipped/>
  </testcase> <!-- userRegistrationpage -->
</testsuite> <!-- testNG_Programs.NewTours_UserLogin -->
