<?xml version="1.0" encoding="UTF-8"?>
<!-- Generated by org.testng.reporters.JUnitReportReporter -->
<testsuite skipped="0" hostname="DEL" name="com.KeywordDriven.NewTours_Login" tests="1" failures="0" timestamp="10 Jun 2019 13:28:27 GMT" time="26.104" errors="0">
  <testcase name="logIn" time="26.104" classname="com.KeywordDriven.NewTours_Login"/>
</testsuite> <!-- com.KeywordDriven.NewTours_Login -->
