<?xml version="1.0" encoding="UTF-8"?>
<!-- Generated by org.testng.reporters.JUnitReportReporter -->
<testsuite skipped="0" hostname="DEL" name="com.Testing.LogInTest" tests="1" failures="0" timestamp="11 Jun 2019 08:53:27 GMT" time="19.816" errors="0">
  <testcase name="logIn" time="19.816" classname="com.Testing.LogInTest"/>
</testsuite> <!-- com.Testing.LogInTest -->
