<?xml version="1.0" encoding="UTF-8"?>
<!-- Generated by org.testng.reporters.JUnitReportReporter -->
<testsuite skipped="1" hostname="DEL" name="testNG_Programs.Annotations_1" tests="5" failures="0" timestamp="04 Jun 2019 06:57:16 GMT" time="0.016" errors="0">
  <testcase name="twitter" time="0.016" classname="testNG_Programs.Annotations_1"/>
  <testcase name="gmail" time="0.000" classname="testNG_Programs.Annotations_1"/>
  <testcase name="linkdin" time="0.000" classname="testNG_Programs.Annotations_1"/>
  <testcase name="facebook" time="0.000" classname="testNG_Programs.Annotations_1"/>
  <testcase name="whatsapp" classname="testNG_Programs.Annotations_1">
    <skipped/>
  </testcase> <!-- whatsapp -->
</testsuite> <!-- testNG_Programs.Annotations_1 -->
