<?xml version="1.0" encoding="UTF-8"?>
<!-- Generated by org.testng.reporters.JUnitReportReporter -->
<testsuite skipped="0" hostname="DEL" name="com.hybrid.TestCase_HomePage" tests="1" failures="0" timestamp="19 Jun 2019 09:45:55 GMT" time="37.424" errors="0">
  <testcase name="homePage" time="37.424" classname="com.hybrid.TestCase_HomePage"/>
</testsuite> <!-- com.hybrid.TestCase_HomePage -->
