<?xml version="1.0" encoding="UTF-8"?>
<!-- Generated by org.testng.reporters.JUnitReportReporter -->
<testsuite skipped="0" hostname="DEL" name="com.POM.TestCase" tests="1" failures="0" timestamp="19 Jun 2019 08:35:03 GMT" time="11.030" errors="0">
  <testcase name="homePage" time="11.030" classname="com.POM.TestCase"/>
</testsuite> <!-- com.POM.TestCase -->
