<?xml version="1.0" encoding="UTF-8"?>
<!-- Generated by org.testng.reporters.JUnitReportReporter -->
<testsuite skipped="0" hostname="DEL" name="com.MavenTool.Maven_Maven.LoginFunctionality_OrangeHRM" tests="1" failures="0" timestamp="25 Jun 2019 04:33:56 GMT" time="12.891" errors="0">
  <testcase name="login" time="12.891" classname="com.MavenTool.Maven_Maven.LoginFunctionality_OrangeHRM"/>
</testsuite> <!-- com.MavenTool.Maven_Maven.LoginFunctionality_OrangeHRM -->
