<?xml version="1.0" encoding="UTF-8"?>
<!-- Generated by org.testng.reporters.JUnitReportReporter -->
<testsuite skipped="0" hostname="DEL" name="com.Maven_OHRM.OHRM_AddEmployee" tests="1" failures="0" timestamp="24 Jun 2019 11:45:17 GMT" time="7.815" errors="0">
  <testcase name="addEmployee" time="7.815" classname="com.Maven_OHRM.OHRM_AddEmployee"/>
</testsuite> <!-- com.Maven_OHRM.OHRM_AddEmployee -->
