<?xml version="1.0" encoding="UTF-8"?>
<!-- Generated by org.testng.reporters.JUnitReportReporter -->
<testsuite skipped="0" hostname="DEL" name="com.Krishna.TestNGGroups" tests="4" failures="0" timestamp="18 Jul 2019 16:11:14 GMT" time="0.016" errors="0">
  <testcase name="editEmployee" time="0.000" classname="com.Krishna.TestNGGroups"/>
  <testcase name="addPayGrades" time="0.000" classname="com.Krishna.TestNGGroups"/>
  <testcase name="addAdmin" time="0.016" classname="com.Krishna.TestNGGroups"/>
  <testcase name="addJobTitle" time="0.000" classname="com.Krishna.TestNGGroups"/>
</testsuite> <!-- com.Krishna.TestNGGroups -->
