<?xml version="1.0" encoding="UTF-8"?>
<!-- Generated by org.testng.reporters.JUnitReportReporter -->
<testsuite skipped="1" hostname="DEL" name="testNG_Programs.Annotation4" tests="3" failures="0" timestamp="17 Jul 2019 17:43:40 GMT" time="0.039" errors="0">
  <testcase name="composeMail" time="0.039" classname="testNG_Programs.Annotation4"/>
  <testcase name="drafts" time="0.000" classname="testNG_Programs.Annotation4"/>
  <testcase name="facebook" classname="testNG_Programs.Annotation4">
    <skipped/>
  </testcase> <!-- facebook -->
</testsuite> <!-- testNG_Programs.Annotation4 -->
