<?xml version="1.0" encoding="UTF-8"?>
<!-- Generated by org.testng.reporters.JUnitReportReporter -->
<testsuite skipped="0" hostname="DEL" name="com.calender.Calender" tests="1" failures="0" timestamp="08 Jul 2019 05:37:01 GMT" time="2.162" errors="0">
  <testcase name="calender" time="2.162" classname="com.calender.Calender"/>
</testsuite> <!-- com.calender.Calender -->
