<?xml version="1.0" encoding="UTF-8"?>
<!-- Generated by org.testng.reporters.JUnitReportReporter -->
<testsuite skipped="0" hostname="DEL" name="testNGxmlFiles.OrangeHRM_AddEmployee_TestNG" tests="2" failures="0" timestamp="19 Jun 2019 09:54:06 GMT" time="24.568" errors="0">
  <testcase name="Login" time="6.077" classname="testNGxmlFiles.OrangeHRM_AddEmployee_TestNG"/>
  <testcase name="pim" time="18.491" classname="testNGxmlFiles.OrangeHRM_AddEmployee_TestNG"/>
</testsuite> <!-- testNGxmlFiles.OrangeHRM_AddEmployee_TestNG -->
