<?xml version="1.0" encoding="UTF-8"?>
<!-- Generated by org.testng.reporters.JUnitReportReporter -->
<testsuite skipped="0" hostname="DEL" name="com.KeywordDriven.OHRM_AddEmployee" tests="1" failures="0" timestamp="05 Jul 2019 10:49:52 GMT" time="15.937" errors="0">
  <testcase name="logIn" time="15.937" classname="com.KeywordDriven.OHRM_AddEmployee"/>
</testsuite> <!-- com.KeywordDriven.OHRM_AddEmployee -->
