<?xml version="1.0" encoding="UTF-8"?>
<!-- Generated by org.testng.reporters.JUnitReportReporter -->
<testsuite skipped="0" hostname="DEL" name="com.Krishna.Test1" tests="3" failures="0" timestamp="16 Jul 2019 14:25:09 GMT" time="35.824" errors="0">
  <testcase name="login" time="10.666" classname="com.Krishna.Test1"/>
  <testcase name="login1" time="12.263" classname="com.Krishna.Test1"/>
  <testcase name="logout" time="12.895" classname="com.Krishna.Test1"/>
</testsuite> <!-- com.Krishna.Test1 -->
