<?xml version="1.0" encoding="UTF-8"?>
<!-- Generated by org.testng.reporters.JUnitReportReporter -->
<testsuite skipped="0" hostname="DEL" name="com.RadioButtons.Echo_Echo_RadioButtons" tests="1" failures="0" timestamp="12 Jun 2019 08:41:47 GMT" time="6.546" errors="0">
  <testcase name="radiobuttonselection" time="6.546" classname="com.RadioButtons.Echo_Echo_RadioButtons"/>
</testsuite> <!-- com.RadioButtons.Echo_Echo_RadioButtons -->
