<?xml version="1.0" encoding="UTF-8"?>
<!-- Generated by org.testng.reporters.JUnitReportReporter -->
<testsuite skipped="0" hostname="DEL" name="com.datadriven.OrangeHRM_AddEmployee_TestNG" tests="2" failures="0" timestamp="23 Jun 2019 05:33:00 GMT" time="27.383" errors="0">
  <testcase name="login" time="8.447" classname="com.datadriven.OrangeHRM_AddEmployee_TestNG"/>
  <testcase name="pim" time="18.936" classname="com.datadriven.OrangeHRM_AddEmployee_TestNG"/>
</testsuite> <!-- com.datadriven.OrangeHRM_AddEmployee_TestNG -->
