<?xml version="1.0" encoding="UTF-8"?>
<!-- Generated by org.testng.reporters.JUnitReportReporter -->
<testsuite skipped="0" hostname="DEL" name="com.datadriven.NewTours_Login" tests="1" failures="0" timestamp="17 Jul 2019 18:24:40 GMT" time="14.361" errors="0">
  <testcase name="logIn" time="14.361" classname="com.datadriven.NewTours_Login"/>
</testsuite> <!-- com.datadriven.NewTours_Login -->
