<?xml version="1.0" encoding="UTF-8"?>
<!-- Generated by org.testng.reporters.JUnitReportReporter -->
<testsuite skipped="0" hostname="DEL" name="com.Krishna.SelectingtheDropdown1" tests="1" failures="0" timestamp="17 Jul 2019 15:31:44 GMT" time="12.866" errors="0">
  <testcase name="selecting" time="12.866" classname="com.Krishna.SelectingtheDropdown1"/>
</testsuite> <!-- com.Krishna.SelectingtheDropdown1 -->
