<?xml version="1.0" encoding="UTF-8"?>
<!-- Generated by org.testng.reporters.JUnitReportReporter -->
<testsuite skipped="0" hostname="DEL" name="com.BrowserAutomation.Frames" tests="1" failures="0" timestamp="27 Jun 2019 13:21:46 GMT" time="0.007" errors="0">
  <testcase name="functionality" time="0.007" classname="com.BrowserAutomation.Frames"/>
</testsuite> <!-- com.BrowserAutomation.Frames -->
