<?xml version="1.0" encoding="UTF-8"?>
<!-- Generated by org.testng.reporters.JUnitReportReporter -->
<testsuite skipped="1" hostname="DEL" name="testNG_Programs.Annotations_1" tests="5" failures="0" timestamp="11 Jul 2019 15:01:03 GMT" time="0.027" errors="0">
  <testcase name="linkdin" time="0.019" classname="testNG_Programs.Annotations_1"/>
  <testcase name="facebook" time="0.003" classname="testNG_Programs.Annotations_1"/>
  <testcase name="twitter" time="0.002" classname="testNG_Programs.Annotations_1"/>
  <testcase name="gmail" time="0.003" classname="testNG_Programs.Annotations_1"/>
  <testcase name="whatsapp" classname="testNG_Programs.Annotations_1">
    <skipped/>
  </testcase> <!-- whatsapp -->
</testsuite> <!-- testNG_Programs.Annotations_1 -->
