<?xml version="1.0" encoding="UTF-8"?>
<!-- Generated by org.testng.reporters.JUnitReportReporter -->
<testsuite skipped="0" hostname="DEL" name="com.Krishna.TestNGDependencyGrooups" tests="4" failures="0" timestamp="19 Jul 2019 06:28:20 GMT" time="0.016" errors="0">
  <testcase name="addEmployee" time="0.016" classname="com.Krishna.TestNGDependencyGrooups"/>
  <testcase name="addJobTitle" time="0.000" classname="com.Krishna.TestNGDependencyGrooups"/>
  <testcase name="searchEmployee" time="0.000" classname="com.Krishna.TestNGDependencyGrooups"/>
  <testcase name="addAdmin" time="0.000" classname="com.Krishna.TestNGDependencyGrooups"/>
</testsuite> <!-- com.Krishna.TestNGDependencyGrooups -->
