<?xml version="1.0" encoding="UTF-8"?>
<!-- Generated by org.testng.reporters.JUnitReportReporter -->
<testsuite skipped="0" hostname="DEL" name="com.Krishna.Annotation1" tests="3" failures="0" timestamp="17 Jul 2019 18:26:58 GMT" time="0.000" errors="0">
  <testcase name="deleteEmployee" time="0.000" classname="com.Krishna.Annotation1"/>
  <testcase name="addEmployee" time="0.000" classname="com.Krishna.Annotation1"/>
  <testcase name="editEmployee" time="0.000" classname="com.Krishna.Annotation1"/>
</testsuite> <!-- com.Krishna.Annotation1 -->
