<?xml version="1.0" encoding="UTF-8"?>
<!-- Generated by org.testng.reporters.JUnitReportReporter -->
<testsuite skipped="0" hostname="DEL" name="com.datadriven.OHRM_Login" tests="1" failures="0" timestamp="23 Jun 2019 05:37:25 GMT" time="22.289" errors="0">
  <testcase name="logIn" time="22.289" classname="com.datadriven.OHRM_Login"/>
</testsuite> <!-- com.datadriven.OHRM_Login -->
