<?xml version="1.0" encoding="UTF-8"?>
<!-- Generated by org.testng.reporters.JUnitReportReporter -->
<testsuite skipped="0" hostname="DEL" name="com.datadriven.LavaKumar" tests="1" failures="0" timestamp="19 Jul 2019 06:48:20 GMT" time="11.345" errors="0">
  <testcase name="test" time="11.345" classname="com.datadriven.LavaKumar"/>
</testsuite> <!-- com.datadriven.LavaKumar -->
