<?xml version="1.0" encoding="UTF-8"?>
<!-- Generated by org.testng.reporters.JUnitReportReporter -->
<testsuite skipped="0" hostname="DEL" name="dataDrivenApproach.OrangeHRM_AddEmployee_TestNG" tests="2" failures="0" timestamp="18 Jun 2019 09:57:52 GMT" time="25.875" errors="0">
  <testcase name="Login" time="5.590" classname="dataDrivenApproach.OrangeHRM_AddEmployee_TestNG"/>
  <testcase name="pim" time="20.285" classname="dataDrivenApproach.OrangeHRM_AddEmployee_TestNG"/>
</testsuite> <!-- dataDrivenApproach.OrangeHRM_AddEmployee_TestNG -->
