<?xml version="1.0" encoding="UTF-8"?>
<!-- Generated by org.testng.reporters.JUnitReportReporter -->
<testsuite skipped="0" hostname="DEL" name="com.Krishna.SelectingTheDropDownList" tests="1" failures="0" timestamp="17 Jul 2019 07:58:08 GMT" time="23.292" errors="0">
  <testcase name="dropdown" time="23.292" classname="com.Krishna.SelectingTheDropDownList"/>
</testsuite> <!-- com.Krishna.SelectingTheDropDownList -->
