<?xml version="1.0" encoding="UTF-8"?>
<!-- Generated by org.testng.reporters.JUnitReportReporter -->
<testsuite skipped="0" hostname="DEL" name="com.hybrid.OHRM_AddEmployee" tests="1" failures="0" timestamp="28 Jun 2019 05:45:36 GMT" time="32.370" errors="0">
  <testcase name="addEmployee" time="32.370" classname="com.hybrid.OHRM_AddEmployee"/>
</testsuite> <!-- com.hybrid.OHRM_AddEmployee -->
