<?xml version="1.0" encoding="UTF-8"?>
<!-- Generated by org.testng.reporters.JUnitReportReporter -->
<testsuite skipped="0" hostname="DEL" name="com.Krishna.TestNGAnnotations" tests="2" failures="0" timestamp="17 Jul 2019 17:44:08 GMT" time="0.000" errors="0">
  <testcase name="test1" time="0.000" classname="com.Krishna.TestNGAnnotations"/>
  <testcase name="test2" time="0.000" classname="com.Krishna.TestNGAnnotations"/>
</testsuite> <!-- com.Krishna.TestNGAnnotations -->
