<?xml version="1.0" encoding="UTF-8"?>
<!-- Generated by org.testng.reporters.JUnitReportReporter -->
<testsuite skipped="0" hostname="DEL" name="com.Krishna.TestNGDependency" tests="3" failures="0" timestamp="19 Jul 2019 05:37:56 GMT" time="0.019" errors="0">
  <testcase name="editEmployee" time="0.004" classname="com.Krishna.TestNGDependency"/>
  <testcase name="deEmployee" time="0.012" classname="com.Krishna.TestNGDependency"/>
  <testcase name="deleteEmployee" time="0.003" classname="com.Krishna.TestNGDependency"/>
</testsuite> <!-- com.Krishna.TestNGDependency -->
