<?xml version="1.0" encoding="UTF-8"?>
<!-- Generated by org.testng.reporters.JUnitReportReporter -->
<testsuite skipped="0" hostname="DEL" name="com.Krishna.Test2" tests="4" failures="0" timestamp="15 Jul 2019 16:06:53 GMT" time="46.563" errors="0">
  <testcase name="employee" time="10.044" classname="com.Krishna.Test2"/>
  <testcase name="login1" time="13.325" classname="com.Krishna.Test2"/>
  <testcase name="login" time="9.692" classname="com.Krishna.Test2"/>
  <testcase name="logout" time="13.502" classname="com.Krishna.Test2"/>
</testsuite> <!-- com.Krishna.Test2 -->
